<?xml version="1.0" encoding="UTF-8" ?>
<testsuite errors="0" skipped="0" tests="6" time="41.426" failures="0" name="com.biosimilarity.magritte.AppTest">
  <properties>
    <property value="Apple Inc." name="java.vendor"/>
    <property value="/Users/lgm/.m2/repository" name="localRepository"/>
    <property value="SUN_STANDARD" name="sun.java.launcher"/>
    <property value="HotSpot Client Compiler" name="sun.management.compiler"/>
    <property value="5bc8f0" name="env.SECURITYSESSIONID"/>
    <property value="/Users/lgm/work/src/projex/insightful/src/staging/iful.trunk/trunk/JVMRT/vendorsrc/japex" name="env.JAPEX_HOME"/>
    <property value="" name="env.TERMCAP"/>
    <property value="Mac OS X" name="os.name"/>
    <property value="/System/Library/Frameworks/JavaVM.framework/Versions/1.5.0/Classes/classes.jar:/System/Library/Frameworks/JavaVM.framework/Versions/1.5.0/Classes/ui.jar:/System/Library/Frameworks/JavaVM.framework/Versions/1.5.0/Classes/laf.jar:/System/Library/Frameworks/JavaVM.framework/Versions/1.5.0/Classes/sunrsasign.jar:/System/Library/Frameworks/JavaVM.framework/Versions/1.5.0/Classes/jsse.jar:/System/Library/Frameworks/JavaVM.framework/Versions/1.5.0/Classes/jce.jar:/System/Library/Frameworks/JavaVM.framework/Versions/1.5.0/Classes/charsets.jar" name="sun.boot.class.path"/>
    <property value="/var/folders/ss/ssIH2aH7E54TLTXlro-xwE+++TI/-Tmp-/" name="env.TMPDIR"/>
    <property value="/Users/lgm/work/src/projex/bobj/magritte/pipe-cutter.current/pipes_to_cal" name="env.PWD"/>
    <property value="Sun Microsystems Inc." name="java.vm.specification.vendor"/>
    <property value="1.5.0_16-b06-284" name="java.runtime.version"/>
    <property value="/tmp/launch-hjWqfT/Render" name="env.Apple_PubSub_Socket_Render"/>
    <property value="/tmp/launch-1RSKPS/:0" name="env.DISPLAY"/>
    <property value="lgm" name="user.name"/>
    <property value="lgm" name="env.USER"/>
    <property value="/bin/bash" name="env.SHELL"/>
    <property value="0x1F5:0:0" name="env.__CF_USER_TEXT_ENCODING"/>
    <property value="true" name="awt.nativeDoubleBuffering"/>
    <property value="/Applications/Emacs.app/Contents/Resources/etc" name="env.EMACSDATA"/>
    <property value="/opt/local/bin:/usr/bin:/bin:/usr/sbin:/sbin:~/bin:/usr/X11R6/bin:/opt/local/bin:/usr/local/bin:/usr/local/sbin:/usr/libexec:/Developer/Tools:/bin:/sbin:/usr/bin:/usr/sbin:/usr/X11R6/bin:/usr/texbin:/opt/local/bin:/Applications/Emacs.app/Contents/MacOS/bin/:/opt/local/bin:/usr/local/bin:/opt/local/share/godi/bin:/opt/local/share/godi/sbin:/opt/local/dbxml/bin:/Library/Frameworks/Mono.framework/Versions/Current/bin:/Users/lgm/work/src/projex/insightful/src/R/trunk/bin:." name="env.PATH"/>
    <property value="en" name="user.language"/>
    <property value="/System/Library/Frameworks/JavaVM.framework/Versions/1.5.0/Libraries" name="sun.boot.library.path"/>
    <property value="/opt/local/share/java/maven2/bin/m2.conf" name="classworlds.conf"/>
    <property value="1.5.0_16" name="java.version"/>
    <property value="America/Los_Angeles" name="user.timezone"/>
    <property value="32" name="sun.arch.data.model"/>
    <property value="local|*.local|169.254/16|*.169.254/16" name="http.nonProxyHosts"/>
    <property value="/System/Library/Frameworks/JavaVM.framework/Versions/1.5.0/Home/lib/endorsed" name="java.endorsed.dirs"/>
    <property value="" name="sun.cpu.isalist"/>
    <property value="MacRoman" name="sun.jnu.encoding"/>
    <property value="sun.io" name="file.encoding.pkg"/>
    <property value="1" name="env.SHLVL"/>
    <property value="/" name="file.separator"/>
    <property value="Java Platform API Specification" name="java.specification.name"/>
    <property value="49.0" name="java.class.version"/>
    <property value="US" name="user.country"/>
    <property value="/Applications/Emacs.app/Contents/Resources/etc" name="env.EMACSDOC"/>
    <property value="/System/Library/Frameworks/JavaVM.framework/Versions/1.5.0/Home" name="java.home"/>
    <property value="mixed mode, sharing" name="java.vm.info"/>
    <property value="lgm" name="env.LOGNAME"/>
    <property value="10.5.5" name="os.version"/>
    <property value=":" name="path.separator"/>
    <property value="1.5.0_16-133" name="java.vm.version"/>
    <property value="/Applications/Emacs.app/Contents/MacOS/libexec:/Applications/Emacs.app/Contents/MacOS/bin" name="env.EMACSPATH"/>
    <property value="t" name="env.EMACS"/>
    <property value="apple.awt.CPrinterJob" name="java.awt.printerjob"/>
    <property value="dumb" name="env.TERM"/>
    <property value="UnicodeLittle" name="sun.io.unicode.encoding"/>
    <property value="/Users/lgm/work/src/projex/insightful/src/staging/iful.trunk/trunk/R-2.5.0/src/nmath/standalone:/opt/local/dbxml/lib:/opt/local/var/macports/software/gsl/1.11_0/opt/local/lib" name="env.DYLD_LIBRARY_PATH"/>
    <property value="apple.awt.CToolkit" name="awt.toolkit"/>
    <property value="local|*.local|169.254/16|*.169.254/16" name="socksNonProxyHosts"/>
    <property value="local|*.local|169.254/16|*.169.254/16" name="ftp.nonProxyHosts"/>
    <property value="80" name="env.COLUMNS"/>
    <property value="apple.awt.CToolkit$EventQueueExceptionHandler" name="sun.awt.exception.handler"/>
    <property value="/Users/lgm" name="user.home"/>
    <property value="/Users/lgm/work/src/projex/bobj/magritte/pipe-cutter.current/pipes_to_cal" name="env.OLDPWD"/>
    <property value="Sun Microsystems Inc." name="java.specification.vendor"/>
    <property value="/Users/lgm/work/src/projex/insightful/src/staging/iful.trunk/trunk/R-2.5.0/src/nmath/standalone:/opt/local/dbxml/lib:/opt/local/var/macports/software/gsl/1.11_0/opt/local/lib:.:/Library/Java/Extensions:/System/Library/Java/Extensions:/usr/lib/java" name="java.library.path"/>
    <property value="http://www.apple.com/" name="java.vendor.url"/>
    <property value="/Applications/Emacs.app/Contents/MacOS/bin/emacsclient" name="env.SVN_EDITOR"/>
    <property value="Apple Inc." name="java.vm.vendor"/>
    <property value="false" name="gopherProxySet"/>
    <property value="/Users/lgm/work/src/projex/insightful/src/staging/iful.trunk/trunk/R-2.5.0" name="env.R_SOURCES_DIR"/>
    <property value="/opt/local/share/java/maven2" name="maven.home"/>
    <property value="Java(TM) 2 Runtime Environment, Standard Edition" name="java.runtime.name"/>
    <property value="/opt/local/share/java/maven2/boot/classworlds-1.1.jar" name="java.class.path"/>
    <property value="ssh" name="env.CVS_RSH"/>
    <property value="Java Virtual Machine Specification" name="java.vm.specification.name"/>
    <property value="org.codehaus.classworlds.Launcher" name="env.JAVA_MAIN_CLASS_51770"/>
    <property value="1.0" name="java.vm.specification.version"/>
    <property value="unknown" name="sun.os.patch.level"/>
    <property value="little" name="sun.cpu.endian"/>
    <property value="/Users/lgm/work/src/devtools/dbxml-2.2.13/xerces-c-src" name="env.LOCAL_XERCES_ROOT"/>
    <property value="/Users/lgm" name="env.HOME"/>
    <property value="/Users/lgm/work/src/projex/bobj/magritte/pipe-cutter.current/pipes_to_cal/target/test-classes:/Users/lgm/work/src/projex/bobj/magritte/pipe-cutter.current/pipes_to_cal/target/classes:/Users/lgm/.m2/repository/org/scala-lang/scala-library/2.7.2/scala-library-2.7.2.jar:/Users/lgm/.m2/repository/net/liftweb/lift-core/0.8/lift-core-0.8.jar:/Users/lgm/.m2/repository/net/liftweb/lift-webkit/0.8/lift-webkit-0.8.jar:/Users/lgm/.m2/repository/log4j/log4j/1.2.12/log4j-1.2.12.jar:/Users/lgm/.m2/repository/javax/mail/mail/1.4/mail-1.4.jar:/Users/lgm/.m2/repository/javax/activation/activation/1.1/activation-1.1.jar:/Users/lgm/.m2/repository/commons-httpclient/commons-httpclient/3.0.1/commons-httpclient-3.0.1.jar:/Users/lgm/.m2/repository/junit/junit/3.8.1/junit-3.8.1.jar:/Users/lgm/.m2/repository/commons-logging/commons-logging/1.0.3/commons-logging-1.0.3.jar:/Users/lgm/.m2/repository/commons-codec/commons-codec/1.3/commons-codec-1.3.jar:/Users/lgm/.m2/repository/commons-fileupload/commons-fileupload/1.2/commons-fileupload-1.2.jar:/Users/lgm/.m2/repository/commons-collections/commons-collections/3.2/commons-collections-3.2.jar:/Users/lgm/.m2/repository/net/liftweb/lift-textile/0.8/lift-textile-0.8.jar:/Users/lgm/.m2/repository/net/liftweb/lift-facebook/0.8/lift-facebook-0.8.jar:/Users/lgm/.m2/repository/net/liftweb/lift-amqp/0.8/lift-amqp-0.8.jar:/Users/lgm/.m2/repository/com/rabbitmq/rabbitmq-client/1.2.0/rabbitmq-client-1.2.0.jar:/Users/lgm/.m2/repository/org/apache/commons/commons-io/1.3.2/commons-io-1.3.2.jar:/Users/lgm/.m2/repository/net/liftweb/lift-xmpp/0.8/lift-xmpp-0.8.jar:/Users/lgm/.m2/repository/org/igniterealtime/smack/smack/3.0.4/smack-3.0.4.jar:/Users/lgm/.m2/repository/org/igniterealtime/smack/smackx/3.0.4/smackx-3.0.4.jar:/Users/lgm/.m2/repository/net/liftweb/lift-widgets/0.8/lift-widgets-0.8.jar:/Users/lgm/.m2/repository/org/apache/derby/derby/10.2.2.0/derby-10.2.2.0.jar:/Users/lgm/.m2/repository/javax/servlet/servlet-api/2.5/servlet-api-2.5.jar:/Users/lgm/.m2/repository/org/mortbay/jetty/jetty/6.1.14/jetty-6.1.14.jar:/Users/lgm/.m2/repository/org/mortbay/jetty/jetty-util/6.1.14/jetty-util-6.1.14.jar:/Users/lgm/.m2/repository/org/mortbay/jetty/servlet-api-2.5/6.1.14/servlet-api-2.5-6.1.14.jar:/Users/lgm/.m2/repository/org/scala-lang/scala-compiler/2.7.2/scala-compiler-2.7.2.jar:/Users/lgm/.m2/repository/jlex/JLex/local/JLex-local.jar:/Users/lgm/.m2/repository/cup/java-cup-11a/local/java-cup-11a-local.jar:/Users/lgm/.m2/repository/cup/java-cup-11a-runtime/local/java-cup-11a-runtime-local.jar:/Users/lgm/.m2/repository/jgrapht/jgrapht-jdk1.5/local/jgrapht-jdk1.5-local.jar:/Users/lgm/.m2/repository/OpenQuark/OpenQuark/mac-dbg-local/OpenQuark-mac-dbg-local.jar:/Users/lgm/.m2/repository/antlr/antlr/local/antlr-local.jar:/Users/lgm/.m2/repository/asm/asm-all-3.0/local/asm-all-3.0-local.jar:/Users/lgm/.m2/repository/icu4j/icu4j/local/icu4j-local.jar:/Users/lgm/.m2/repository/jlinalg/Jama-1.0.2/local/Jama-1.0.2-local.jar:/Users/lgm/.m2/repository/jws/webservices-api/local/webservices-api-local.jar:/Users/lgm/.m2/repository/jws/webservices-extra/local/webservices-extra-local.jar:/Users/lgm/.m2/repository/jws/webservices-extra-api/local/webservices-extra-api-local.jar:/Users/lgm/.m2/repository/jws/webservices-rt/local/webservices-rt-local.jar:/Users/lgm/.m2/repository/jws/webservices-tools/local/webservices-tools-local.jar:/Users/lgm/.m2/repository/jxpath/commons-jxpath-1.3/local/commons-jxpath-1.3-local.jar:/Users/lgm/.m2/repository/CALTrampoline/CALTrampoline/local5/CALTrampoline-local5.jar:" name="surefire.test.class.path"/>
    <property value="/tmp" name="java.io.tmpdir"/>
    <property value="/Applications/Emacs.app/Contents/Resources/site-lisp:/Applications/Emacs.app/Contents/Resources/lisp:/Applications/Emacs.app/Contents/Resources/leim" name="env.EMACSLOADPATH"/>
    <property value="http://bugreport.apple.com/" name="java.vendor.url.bug"/>
    <property value="22.2.1,comint" name="env.INSIDE_EMACS"/>
    <property value="/tmp/launch-VN155o/Listeners" name="env.SSH_AUTH_SOCK"/>
    <property value="legacy" name="env.COMMAND_MODE"/>
    <property value="apple.awt.CGraphicsEnvironment" name="java.awt.graphicsenv"/>
    <property value="i386" name="os.arch"/>
    <property value="/Library/Java/Extensions:/System/Library/Java/Extensions:/System/Library/Frameworks/JavaVM.framework/Versions/1.5.0/Home/lib/ext" name="java.ext.dirs"/>
    <property value="/Users/lgm/work/src/projex/bobj/magritte/pipe-cutter.current/pipes_to_cal" name="user.dir"/>
    <property value="1050.1.5.0_16-284" name="mrj.version"/>
    <property value="/Applications/Emacs.app/Contents/Resources/info:/Applications/Emacs.app/Contents/Resources/extra/info" name="env.INFOPATH"/>
    <property value="
" name="line.separator"/>
    <property value="false" name="apple.awt.graphics.UseQuartz"/>
    <property value="Java HotSpot(TM) Client VM" name="java.vm.name"/>
    <property value="prefix /Applications/Emacs.app/Contents/Resources;data-dir /Applications/Emacs.app/Contents/Resources/lib/aspell-i386;dict-dir /Applications/Emacs.app/Contents/Resources/lib/aspell-i386;conf-dir /Applications/Emacs.app/Contents/Resources/etc" name="env.ASPELL_CONF"/>
    <property value="/Applications/Emacs.app/Contents/MacOS/bin/emacsclient" name="env.EDITOR"/>
    <property value="/Users/lgm/work/src/projex/bobj/magritte/pipe-cutter.current/pipes_to_cal" name="basedir"/>
    <property value="MacRoman" name="file.encoding"/>
    <property value=".:/opt/local/share/texmf-local:" name="env.TEXINPUTS"/>
    <property value="1.5" name="java.specification.version"/>
    <property value="/Users/lgm/work/src/projex/insightful/src/staging/iful.trunk/trunk/JVMRT" name="env.JVMRT"/>
  </properties>
  <testcase classname="com.biosimilarity.magritte.AppTest" time="1.011" name="testWSDLCompiler"/>
  <testcase classname="com.biosimilarity.magritte.AppTest" time="28.581" name="testGEMManager"/>
  <testcase classname="com.biosimilarity.magritte.AppTest" time="5.892" name="testGemTargetCompiler"/>
  <testcase classname="com.biosimilarity.magritte.AppTest" time="5.829" name="testGemDemo"/>
  <testcase classname="com.biosimilarity.magritte.AppTest" time="0.066" name="testCompiler"/>
  <testcase classname="com.biosimilarity.magritte.AppTest" time="0" name="testOK"/>
</testsuite>